                 -1   $MODDE2
0000              1   ;  MODDDE2: Register definition for DE2-8052 softcore
0000              2   ;
0000              3   ;   Copyright (C) 2011  Jesus Calvino-Fraga, jesusc at ece.ubc.ca
0000              4   ;
0000              5   ;   This library is free software; you can redistribute it and/or
0000              6   ;   modify it under the terms of the GNU Lesser General Public
0000              7   ;   License as published by the Free Software Foundation; either
0000              8   ;   version 2.1 of the License, or (at your option) any later version.
0000              9   ;
0000             10   ;   This library is distributed in the hope that it will be useful,
0000             11   ;   but WITHOUT ANY WARRANTY; without even the implied warranty of
0000             12   ;   MERCHANTABILITY or FITNESS FOR A PARTICULAR PURPOSE.  See the GNU
0000             13   ;   Lesser General Public License for more details.
0000             14   ;
0000             15   ;   You should have received a copy of the GNU Lesser General Public
0000             16   ;   License along with this library; if not, write to the Free Software
0000             17   ;   Foundation, Inc., 59 Temple Place, Suite 330, Boston, MA  02111-1307 USA
0000             18   ;
0000             19       
0000             20   P0     DATA  080H  ;PORT 0
0000             21   SP     DATA  081H  ;STACK POINTER
0000             22   DPL    DATA  082H  ;DATA POINTER - LOW BYTE
0000             23   DPH    DATA  083H  ;DATA POINTER - HIGH BYTE
0000             24   PCON   DATA  087H  ;POWER CONTROL
0000             25   TCON   DATA  088H  ;TIMER CONTROL
0000             26   TMOD   DATA  089H  ;TIMER MODE
0000             27   TL0    DATA  08AH  ;TIMER 0 - LOW BYTE
0000             28   TL1    DATA  08BH  ;TIMER 1 - LOW BYTE
0000             29   TH0    DATA  08CH  ;TIMER 0 - HIGH BYTE
0000             30   TH1    DATA  08DH  ;TIMER 1 - HIGH BYTE
0000             31   P1     DATA  090H  ;PORT 1
0000             32   SCON   DATA  098H  ;SERIAL PORT CONTROL
0000             33   SBUF   DATA  099H  ;SERIAL PORT BUFFER
0000             34   P2     DATA  0A0H  ;PORT 2
0000             35   IE     DATA  0A8H  ;INTERRUPT ENABLE
0000             36   P3     DATA  0B0H  ;PORT 3
0000             37   IP     DATA  0B8H  ;INTERRUPT PRIORITY
0000             38   T2CON  DATA  0C8H  ;TIMER 2 CONTROL
0000             39   T2MOD  DATA  0C9H  ;TIMER 2 MODE
0000             40   RCAP2L DATA  0CAH  ;TIMER 2 CAPTURE REGISTER - LOW BYTE
0000             41   RCAP2H DATA  0CBH  ;TIMER 2 CAPTURE REGISTER - HIGH BYTE
0000             42   TL2    DATA  0CCH  ;TIMER 2 - LOW BYTE
0000             43   TH2    DATA  0CDH  ;TIMER 2 - HIGH BYTE
0000             44   PSW    DATA  0D0H  ;PROGRAM STATUS WORD
0000             45   ACC    DATA  0E0H  ;ACCUMULATOR
0000             46   B      DATA  0F0H  ;MULTIPLICATION REGISTER
0000             47   IT0    BIT   088H  ;TCON.0 - EXT. INTERRUPT 0 TYPE
0000             48   IE0    BIT   089H  ;TCON.1 - EXT. INTERRUPT 0 EDGE FLAG
0000             49   IT1    BIT   08AH  ;TCON.2 - EXT. INTERRUPT 1 TYPE
0000             50   IE1    BIT   08BH  ;TCON.3 - EXT. INTERRUPT 1 EDGE FLAG
0000             51   TR0    BIT   08CH  ;TCON.4 - TIMER 0 ON/OFF CONTROL
0000             52   TF0    BIT   08DH  ;TCON.5 - TIMER 0 OVERFLOW FLAG
0000             53   TR1    BIT   08EH  ;TCON.6 - TIMER 1 ON/OFF CONTROL
0000             54   TF1    BIT   08FH  ;TCON.7 - TIMER 1 OVERFLOW FLAG
0000             55   RI     BIT   098H  ;SCON.0 - RECEIVE INTERRUPT FLAG
0000             56   TI     BIT   099H  ;SCON.1 - TRANSMIT INTERRUPT FLAG
0000             57   RB8    BIT   09AH  ;SCON.2 - RECEIVE BIT 8
0000             58   TB8    BIT   09BH  ;SCON.3 - TRANSMIT BIT 8
0000             59   REN    BIT   09CH  ;SCON.4 - RECEIVE ENABLE
0000             60   SM2    BIT   09DH  ;SCON.5 - SERIAL MODE CONTROL BIT 2
0000             61   SM1    BIT   09EH  ;SCON.6 - SERIAL MODE CONTROL BIT 1
0000             62   SM0    BIT   09FH  ;SCON.7 - SERIAL MODE CONTROL BIT 0
0000             63   EX0    BIT   0A8H  ;IE.0 - EXTERNAL INTERRUPT 0 ENABLE
0000             64   ET0    BIT   0A9H  ;IE.1 - TIMER 0 INTERRUPT ENABLE
0000             65   EX1    BIT   0AAH  ;IE.2 - EXTERNAL INTERRUPT 1 ENABLE
0000             66   ET1    BIT   0ABH  ;IE.3 - TIMER 1 INTERRUPT ENABLE
0000             67   ES     BIT   0ACH  ;IE.4 - SERIAL PORT INTERRUPT ENABLE
0000             68   ET2    BIT   0ADH  ;IE.5 - TIMER 2 INTERRUPT ENABLE
0000             69   EA     BIT   0AFH  ;IE.7 - GLOBAL INTERRUPT ENABLE
0000             70   RXD    BIT   0B0H  ;P3.0 - SERIAL PORT RECEIVE INPUT
0000             71   TXD    BIT   0B1H  ;P3.1 - SERIAL PORT TRANSMIT OUTPUT
0000             72   INT0   BIT   0B2H  ;P3.2 - EXTERNAL INTERRUPT 0 INPUT
0000             73   INT1   BIT   0B3H  ;P3.3 - EXTERNAL INTERRUPT 1 INPUT
0000             74   T0     BIT   0B4H  ;P3.4 - TIMER 0 COUNT INPUT
0000             75   T1     BIT   0B5H  ;P3.5 - TIMER 1 COUNT INPUT
0000             76   WR     BIT   0B6H  ;P3.6 - WRITE CONTROL FOR EXT. MEMORY
0000             77   RD     BIT   0B7H  ;P3.7 - READ CONTROL FOR EXT. MEMORY
0000             78   PX0    BIT   0B8H  ;IP.0 - EXTERNAL INTERRUPT 0 PRIORITY
0000             79   PT0    BIT   0B9H  ;IP.1 - TIMER 0 PRIORITY
0000             80   PX1    BIT   0BAH  ;IP.2 - EXTERNAL INTERRUPT 1 PRIORITY
0000             81   PT1    BIT   0BBH  ;IP.3 - TIMER 1 PRIORITY
0000             82   PS     BIT   0BCH  ;IP.4 - SERIAL PORT PRIORITY
0000             83   PT2    BIT   0BDH  ;IP.5 - TIMER 2 PRIORITY
0000             84   CAP2   BIT   0C8H  ;T2CON.0 - CAPTURE OR RELOAD SELECT
0000             85   CNT2   BIT   0C9H  ;T2CON.1 - TIMER OR COUNTER SELECT
0000             86   TR2    BIT   0CAH  ;T2CON.2 - TIMER 2 ON/OFF CONTROL
0000             87   EXEN2  BIT   0CBH  ;T2CON.3 - TIMER 2 EXTERNAL ENABLE FLAG
0000             88   TCLK   BIT   0CCH  ;T2CON.4 - TRANSMIT CLOCK SELECT
0000             89   RCLK   BIT   0CDH  ;T2CON.5 - RECEIVE CLOCK SELECTT
0000             90   EXF2   BIT   0CEH  ;T2CON.6 - EXTERNAL TRANSITION FLAG
0000             91   TF2    BIT   0CFH  ;T2CON.7 - TIMER 2 OVERFLOW FLAG
0000             92   P      BIT   0D0H  ;PSW.0 - ACCUMULATOR PARITY FLAG
0000             93   OV     BIT   0D2H  ;PSW.2 - OVERFLOW FLAG
0000             94   RS0    BIT   0D3H  ;PSW.3 - REGISTER BANK SELECT 0
0000             95   RS1    BIT   0D4H  ;PSW.4 - REGISTER BANK SELECT 1
0000             96   F0     BIT   0D5H  ;PSW.5 - FLAG 0
0000             97   AC     BIT   0D6H  ;PSW.6 - AUXILIARY CARRY FLAG
0000             98   CY     BIT   0D7H  ;PSW.7 - CARRY FLAG
0000             99   
0000            100   ; For the altera DE2 configured with an 8051/8052 softcore processor
0000            101   ; we have the following extra registers:
0000            102   
0000            103   HEX0   DATA  091H ; Zero turns the segment on
0000            104   HEX1   DATA  092H ; 
0000            105   HEX2   DATA  093H ; 
0000            106   HEX3   DATA  094H ; 
0000            107   HEX4   DATA  08EH ;
0000            108   HEX5   DATA  08FH ;
0000            109   HEX6   DATA  096H ;
0000            110   HEX7   DATA  097H ;
0000            111   
0000            112   P0MOD  DATA  09AH ; Input/output mode bits for port 0.  '1' sets the port to output mode.
0000            113   P1MOD  DATA  09BH ; Input/output mode bits for port 1
0000            114   P2MOD  DATA  09CH ; Input/output mode bits for port 2
0000            115   P3MOD  DATA  09DH ; Input/output mode bits for port 3
0000            116   
0000            117   LEDRA  DATA  0E8H ; LEDs LEDR0 to LEDR7 (bit addressable, ex: LEDRA.1 for LEDR1)
0000            118   LEDRB  DATA  095H ; LEDs LEDR8 to LEDR15
0000            119   LEDRC  DATA  09EH ; LEDs LEDR16, LEDR15, and LEDG8
0000            120   LEDG   DATA  0F8H ; LEDs LEDG0 to LEDG7 (bit addressable, ex: LEDG.3 for LEDG3)
0000            121   SWA    DATA  0E8H ; Switches SW0 to SW7 (bit addressable, ex: SWA.1 for SW1)
0000            122   SWB    DATA  095H ; Switches SW8 to SW15
0000            123   SWC    DATA  09EH ; Switches SW16 and SW17
0000            124   KEY    DATA  0F8H ; KEY1=KEY.1, KEY2=KEY.2, KEY3=KEY.3.  KEY0 is the reset button! 
0000            125   
0000            126   LCD_CMD   DATA 0D8H ;
0000            127   LCD_DATA  DATA 0D9H ;
0000            128   LCD_MOD   DATA 0DAH ; Write 0xff to make LCD_DATA an output
0000            129   LCD_RW    BIT  0D8H ; '0' writes to LCD
0000            130   LCD_EN    BIT  0D9H ; Toggle from '1' to '0'
0000            131   LCD_RS    BIT  0DAH ; '0' for commands, '1' for data
0000            132   LCD_ON    BIT  0DBH ; Write '1' to power the LCD
0000            133   LCD_BLON  BIT  0DCH ; Write '1' to turn on back light
0000              2   XTAL           EQU 33333333
0000              3   FREQ           EQU 100
0000              4   TIMER0_RELOAD  EQU 65538-(XTAL/(12*FREQ))
0000              5   
0000              6   ;-----------------------
0000              7   ;Kill this later
0000              8   ;----------------------
0000              9   org 0000H
0000 0200DE      10   ljmp MyProgram
0003             11   
000B             12   org 000BH
000B C2EB        13   clr LEDRA.3
000D 02009D      14   ljmp Interupt0
0010             15   
0000             16   BSEG
0000             17   
0010 01          18   finished: db 1
0011             19   
0030             20   DSEG at 30H
0030             21   count10ms: ds 1
0031             22   seconds:   ds 1
0032             23   minutes:   ds 1
0033             24   hours:     ds 1
0011             25   CSEG
0011             26   
0011             27   Size60LookUp:
0011 C0C0C0F9    28            DB 0C0H, 0C0H, 0C0H, 0F9H, 0C0H, 0A4H, 0C0H, 0B0H, 0C0H, 099H, 0C0H, 092H, 0C0H, 082H, 0C0H, 0F8H, 0C0H, 080H, 0C0H, 090H 
     C0A4C0B0
     C099C092
     C082C0F8
     C080C090
0025 F9C0F9F9    29            DB 0F9H, 0C0H, 0F9H, 0F9H, 0F9H, 0A4H, 0F9H, 0B0H, 0F9H, 099H, 0F9H, 092H, 0F9H, 082H, 0F9H, 0F8H, 0F9H, 080H, 0F9H, 090H
     F9A4F9B0
     F999F992
     F982F9F8
     F980F990
0039 A4C0A4F9    30            DB 0A4H, 0C0H, 0A4H, 0F9H, 0A4H, 0A4H, 0A4H, 0B0H, 0A4H, 099H, 0A4H, 092H, 0A4H, 082H, 0A4H, 0F8H, 0A4H, 080H, 0A4H, 090H
     A4A4A4B0
     A499A492
     A482A4F8
     A480A490
004D B0C0B0F9    31            DB 0B0H, 0C0H, 0B0H, 0F9H, 0B0H, 0A4H, 0B0H, 0B0H, 0B0H, 099H, 0B0H, 092H, 0B0H, 082H, 0B0H, 0F8H, 0B0H, 080H, 0B0H, 090H
     B0A4B0B0
     B099B092
     B082B0F8
     B080B090
0061 99C099F9    32            DB 099H, 0C0H, 099H, 0F9H, 099H, 0A4H, 099H, 0B0H, 099H, 099H, 099H, 092H, 099H, 082H, 099H, 0F8H, 099H, 080H, 099H, 090H
     99A499B0
     99999992
     998299F8
     99809990
0075 92C092F9    33            DB 092H, 0C0H, 092H, 0F9H, 092H, 0A4H, 092H, 0B0H, 092H, 099H, 092H, 092H, 092H, 082H, 092H, 0F8H, 092H, 080H, 092H, 090H
     92A492B0
     92999292
     928292F8
     92809290
0089             34   
0089             35   ;------------------------------
0089             36   ; Set up timer to interupt 10ms
0089             37   ;------------------------------
0089             38   InitializeTimer:
0089 C2E8        39            clr LEDRA.0
008B 758901      40            mov TMOD,  #00000001B ; GATE=0, C/T*=0, M1=0, M0=1: 16-bit timer
008E C28C        41            clr TR0 ; Disable timer 0
0090 C28D        42            clr TF0
0092 758C93      43       mov TH0, #high(TIMER0_RELOAD)
0095 758A81      44       mov TL0, #low(TIMER0_RELOAD)
0098 D28C        45       setb TR0 ; Enable timer 0
009A D2A9        46       setb ET0 ; Enable timer 0 interrupt
009C 22          47       ret
009D             48   ;--------------------------------
009D             49   ;Decrements Timer Every 1 second
009D             50   ;--------------------------------
009D             51   Interupt0:    
009D             52            ; Reload the timer
009D 758C93      53       mov TH0, #high(TIMER0_RELOAD)
00A0 758A81      54       mov TL0, #low(TIMER0_RELOAD)
00A3             55    
00A3             56       ; Save used register into the stack
00A3 C0D0        57       push psw
00A5 C0E0        58       push acc
00A7 C083        59       push dph
00A9 C082        60       push dpl
00AB             61       
00AB             62       ; Increment the counter and check if a second has passed
00AB 0530        63       inc count10ms
00AD E530        64       mov a, count10ms
00AF B40A23      65       cjne A, #10, Return_int
00B2 753000      66       mov count10ms, #0
00B5             67       
00B5 E531        68       mov a, seconds
00B7 14          69       dec a
00B8 F531        70       mov seconds, a
00BA B4FF18      71       cjne A, #0FFH, Return_int ;FFH is -1 in two's complement
00BD 75313B      72       mov seconds, #59
00C0             73   
00C0 E532        74       mov a, minutes
00C2 14          75       dec a
00C3 F532        76       mov minutes, a
00C5 B4FF0D      77       cjne A, #0FFH, Return_int
00C8 75323B      78       mov minutes, #59
00CB             79       
00CB E533        80       mov a, hours
00CD 14          81       dec a
00CE F533        82       mov hours, a
00D0 B4FF02      83       cjne A, #0FFH, Return_int
00D3             84       ;Timer Done
00D3             85       ;sjmp Done
00D3 D210        86       setb finished
00D5             87   
00D5             88   Return_int:
00D5 D082        89            pop dpl
00D7 D083        90       pop dph
00D9 D0E0        91       pop acc
00DB D0D0        92       pop psw    
00DD 32          93            reti
00DE             94   ;---------------------
00DE             95   ;Test Part Loops
00DE             96   ;---------------------
00DE             97   MyProgram:
00DE 120089      98            lcall InitializeTimer
00E1             99            
00E1 753105     100            mov seconds, #5
00E4 753202     101            mov minutes, #2
00E7 753301     102            mov hours, #1
00EA C210       103            clr finished
00EC            104   Loop:
00EC 75817F     105            mov sp, #7FH
00EF D2AF       106            setb EA
00F1 120100     107            lcall Display
00F4 201002     108            jb finished, done
00F7            109       
00F7 80F3       110            sjmp Loop       
00F9            111   Done:
00F9 C2A9       112            clr ET0
00FB 75F800     113            mov LEDG, #0            
00FE 80F9       114            sjmp done
0100            115   ;----------------------------------
0100            116   ;Display onto Hex displays 0 and 1
0100            117   ;----------------------------------
                118   display2 mac
                119   	mov dptr, #Size60LookUp
                120   ; Display Digit 1
                121       mov A, %0
                122       mov b, #2
                123       mul ab  
                124       movc A, @A+dptr
                125       mov HEX1, A
                126   ; Display Digit 0
                127       mov a, %0
                128       mov b, #2
                129       mul ab
                130       inc a
                131       movc A, @A+dptr
                132       mov	 HEX0, A
                133       
                134       mov A, %1
                135       mov b, #2
                136       mul ab  
                137       movc A, @A+dptr
                138       mov HEX3, A
                139   ; Display Digit 0
                140       mov a, %1
                141       mov b, #2
                142       mul ab
                143       inc a
                144       movc A, @A+dptr
                145       mov	 HEX2, A
                146       
                147       
                148       mov A, %2
                149       mov b, #2
                150       mul ab  
                151       movc A, @A+dptr
                152       mov HEX5, A
                153   ; Display Digit 0
                154       mov a, %2
                155       mov b, #2
                156       mul ab
                157       inc a
                158       movc A, @A+dptr
                159       mov	 HEX4, A
                160   
                161   endmac
0100            162   
0100            163   
0100            164   display:
0100 900011     165            mov dptr, #Size60LookUp
0103            165   ; Display Digit 1
0103 E531       165       mov A, seconds
0105 75F002     165       mov b, #2
0108 A4         165       mul ab  
0109 93         165       movc A, @A+dptr
010A F592       165       mov HEX1, A
010C            165   ; Display Digit 0
010C E531       165       mov a, seconds
010E 75F002     165       mov b, #2
0111 A4         165       mul ab
0112 04         165       inc a
0113 93         165       movc A, @A+dptr
0114 F591       165       mov   HEX0, A
0116            165       
0116 E532       165       mov A, minutes
0118 75F002     165       mov b, #2
011B A4         165       mul ab  
011C 93         165       movc A, @A+dptr
011D F594       165       mov HEX3, A
011F            165   ; Display Digit 0
011F E532       165       mov a, minutes
0121 75F002     165       mov b, #2
0124 A4         165       mul ab
0125 04         165       inc a
0126 93         165       movc A, @A+dptr
0127 F593       165       mov   HEX2, A
0129            165       
0129            165       
0129 E533       165       mov A, hours
012B 75F002     165       mov b, #2
012E A4         165       mul ab  
012F 93         165       movc A, @A+dptr
0130 F58F       165       mov HEX5, A
0132            165   ; Display Digit 0
0132 E533       165       mov a, hours
0134 75F002     165       mov b, #2
0137 A4         165       mul ab
0138 04         165       inc a
0139 93         165       movc A, @A+dptr
013A F58E       165       mov   HEX4, A
013C            165   
013C 22         166            ret
013D            167            
013D            168       
013D            169      
013D            170   end
